2024-07-02 16:55:29,139(0) --> [DEBUG][main] [NormalStore][reload index: {ceshi2=CommandPos{pos=49, len=41, fileName=data\\20240630_203656.table}, ceshi1=CommandPos{pos=4, len=41, fileName=data\\20240630_203656.table}}]: {}  
2024-07-02 16:55:29,146(7) --> [DEBUG][main] [NormalStore][reload index: {ceshi2=CommandPos{pos=49, len=41, fileName=data\\20240630_203656.table}, ceshi3=CommandPos{pos=4, len=41, fileName=data\\20240702_000823.table}, ceshi1=CommandPos{pos=49, len=28, fileName=data\\20240702_000823.table}}]: {}  
2024-07-02 16:55:29,147(8) --> [DEBUG][main] [NormalStore][reload index: {ceshi2=CommandPos{pos=49, len=41, fileName=data\\20240702_000840.table}, ceshi3=CommandPos{pos=94, len=41, fileName=data\\20240702_000840.table}, ceshi1=CommandPos{pos=139, len=28, fileName=data\\20240702_000840.table}}]: {}  
2024-07-02 16:55:29,148(9) --> [DEBUG][main] [NormalStore][reload index: {ceshi2=CommandPos{pos=49, len=41, fileName=data\\20240702_001240.table}, ceshi3=CommandPos{pos=94, len=41, fileName=data\\20240702_001240.table}, ceshi1=CommandPos{pos=139, len=28, fileName=data\\20240702_001240.table}}]: {}  
2024-07-02 16:55:29,149(10) --> [DEBUG][main] [NormalStore][reload index: {ceshi2=CommandPos{pos=49, len=41, fileName=data\\20240702_035757.table}, ceshi3=CommandPos{pos=94, len=41, fileName=data\\20240702_035757.table}, ceshi1=CommandPos{pos=139, len=28, fileName=data\\20240702_035757.table}}]: {}  
2024-07-02 16:55:29,152(13) --> [DEBUG][main] [NormalStore][reload index: {ceshi2=CommandPos{pos=139, len=41, fileName=data\\20240702_130733.table}, ceshi3=CommandPos{pos=229, len=41, fileName=data\\20240702_130733.table}, ceshi1=CommandPos{pos=306, len=28, fileName=data\\20240702_130733.table}}]: {}  
2024-07-02 16:55:29,153(14) --> [DEBUG][main] [NormalStore][reload index: {ceshi2=CommandPos{pos=139, len=41, fileName=data\\20240702_164009.table}, ceshi3=CommandPos{pos=229, len=41, fileName=data\\20240702_164009.table}, ceshi1=CommandPos{pos=306, len=28, fileName=data\\20240702_164009.table}}]: {}  
2024-07-02 16:55:29,154(15) --> [DEBUG][main] [NormalStore][reload index: {ceshi2=CommandPos{pos=139, len=41, fileName=data\\20240702_164009.table}, ceshi3=CommandPos{pos=229, len=41, fileName=data\\20240702_164009.table}, ceshi1=CommandPos{pos=49, len=41, fileName=data\\20240702_164442.table}}]: {}  
2024-07-02 16:55:29,154(15) --> [DEBUG][main] [NormalStore][reload index: {ceshi2=CommandPos{pos=49, len=41, fileName=data\\20240702_164951.table}, ceshi3=CommandPos{pos=229, len=41, fileName=data\\20240702_164009.table}, ceshi1=CommandPos{pos=49, len=41, fileName=data\\20240702_164442.table}}]: {}  
2024-07-02 16:55:29,155(16) --> [DEBUG][main] [NormalStore][reload index: {ceshi2=CommandPos{pos=49, len=41, fileName=data\\20240702_164951.table}, ceshi3=CommandPos{pos=49, len=41, fileName=data\\20240702_165225.table}, ceshi1=CommandPos{pos=49, len=41, fileName=data\\20240702_164442.table}}]: {}  
2024-07-02 16:55:29,155(16) --> [DEBUG][main] [NormalStore][reload index: {ceshi2=CommandPos{pos=49, len=41, fileName=data\\20240702_164951.table}, ceshi3=CommandPos{pos=49, len=41, fileName=data\\20240702_165225.table}, ceshi1=CommandPos{pos=36, len=28, fileName=data\\data.table}}]: {}  
2024-07-02 16:55:29,156(17) --> [DEBUG][main] [NormalStore][reload index: {ceshi2=CommandPos{pos=49, len=41, fileName=data\\20240702_164951.table}, ceshi3=CommandPos{pos=49, len=41, fileName=data\\20240702_165225.table}, ceshi1=CommandPos{pos=36, len=28, fileName=data\\data.table}}]: {}  
2024-07-02 16:58:45,825(0) --> [DEBUG][main] [NormalStore][reload index: {ceshi2=CommandPos{pos=49, len=41, fileName=data\\20240630_203656.table}, ceshi1=CommandPos{pos=4, len=41, fileName=data\\20240630_203656.table}}]: {}  
2024-07-02 16:58:45,826(1) --> [DEBUG][main] [NormalStore][reload index: {ceshi2=CommandPos{pos=49, len=41, fileName=data\\20240630_203656.table}, ceshi3=CommandPos{pos=4, len=41, fileName=data\\20240702_000823.table}, ceshi1=CommandPos{pos=49, len=28, fileName=data\\20240702_000823.table}}]: {}  
2024-07-02 16:58:45,827(2) --> [DEBUG][main] [NormalStore][reload index: {ceshi2=CommandPos{pos=49, len=41, fileName=data\\20240702_000840.table}, ceshi3=CommandPos{pos=94, len=41, fileName=data\\20240702_000840.table}, ceshi1=CommandPos{pos=139, len=28, fileName=data\\20240702_000840.table}}]: {}  
2024-07-02 16:58:45,827(2) --> [DEBUG][main] [NormalStore][reload index: {ceshi2=CommandPos{pos=49, len=41, fileName=data\\20240702_001240.table}, ceshi3=CommandPos{pos=94, len=41, fileName=data\\20240702_001240.table}, ceshi1=CommandPos{pos=139, len=28, fileName=data\\20240702_001240.table}}]: {}  
2024-07-02 16:58:45,827(2) --> [DEBUG][main] [NormalStore][reload index: {ceshi2=CommandPos{pos=49, len=41, fileName=data\\20240702_035757.table}, ceshi3=CommandPos{pos=94, len=41, fileName=data\\20240702_035757.table}, ceshi1=CommandPos{pos=139, len=28, fileName=data\\20240702_035757.table}}]: {}  
2024-07-02 16:58:45,830(5) --> [DEBUG][main] [NormalStore][reload index: {ceshi2=CommandPos{pos=139, len=41, fileName=data\\20240702_130733.table}, ceshi3=CommandPos{pos=229, len=41, fileName=data\\20240702_130733.table}, ceshi1=CommandPos{pos=306, len=28, fileName=data\\20240702_130733.table}}]: {}  
2024-07-02 16:58:45,830(5) --> [DEBUG][main] [NormalStore][reload index: {ceshi2=CommandPos{pos=139, len=41, fileName=data\\20240702_164009.table}, ceshi3=CommandPos{pos=229, len=41, fileName=data\\20240702_164009.table}, ceshi1=CommandPos{pos=306, len=28, fileName=data\\20240702_164009.table}}]: {}  
2024-07-02 16:58:45,831(6) --> [DEBUG][main] [NormalStore][reload index: {ceshi2=CommandPos{pos=139, len=41, fileName=data\\20240702_164009.table}, ceshi3=CommandPos{pos=229, len=41, fileName=data\\20240702_164009.table}, ceshi1=CommandPos{pos=49, len=41, fileName=data\\20240702_164442.table}}]: {}  
2024-07-02 16:58:45,831(6) --> [DEBUG][main] [NormalStore][reload index: {ceshi2=CommandPos{pos=49, len=41, fileName=data\\20240702_164951.table}, ceshi3=CommandPos{pos=229, len=41, fileName=data\\20240702_164009.table}, ceshi1=CommandPos{pos=49, len=41, fileName=data\\20240702_164442.table}}]: {}  
2024-07-02 16:58:45,831(6) --> [DEBUG][main] [NormalStore][reload index: {ceshi2=CommandPos{pos=49, len=41, fileName=data\\20240702_164951.table}, ceshi3=CommandPos{pos=49, len=41, fileName=data\\20240702_165225.table}, ceshi1=CommandPos{pos=49, len=41, fileName=data\\20240702_164442.table}}]: {}  
2024-07-02 16:58:45,831(6) --> [DEBUG][main] [NormalStore][reload index: {ceshi2=CommandPos{pos=49, len=41, fileName=data\\20240702_164951.table}, ceshi3=CommandPos{pos=49, len=41, fileName=data\\20240702_165225.table}, ceshi1=CommandPos{pos=36, len=28, fileName=data\\data.table}}]: {}  
2024-07-02 16:58:45,831(6) --> [DEBUG][main] [NormalStore][reload index: {ceshi2=CommandPos{pos=49, len=41, fileName=data\\20240702_164951.table}, ceshi3=CommandPos{pos=49, len=41, fileName=data\\20240702_165225.table}, ceshi1=CommandPos{pos=36, len=28, fileName=data\\data.table}}]: {}  
2024-07-02 17:00:35,604(0) --> [DEBUG][main] [NormalStore][reload index: {ceshi2=CommandPos{pos=49, len=41, fileName=data\\20240630_203656.table}, ceshi1=CommandPos{pos=4, len=41, fileName=data\\20240630_203656.table}}]: {}  
2024-07-02 17:00:35,611(7) --> [DEBUG][main] [NormalStore][reload index: {ceshi2=CommandPos{pos=49, len=41, fileName=data\\20240630_203656.table}, ceshi3=CommandPos{pos=4, len=41, fileName=data\\20240702_000823.table}, ceshi1=CommandPos{pos=49, len=28, fileName=data\\20240702_000823.table}}]: {}  
2024-07-02 17:00:35,611(7) --> [DEBUG][main] [NormalStore][reload index: {ceshi2=CommandPos{pos=49, len=41, fileName=data\\20240702_000840.table}, ceshi3=CommandPos{pos=94, len=41, fileName=data\\20240702_000840.table}, ceshi1=CommandPos{pos=139, len=28, fileName=data\\20240702_000840.table}}]: {}  
2024-07-02 17:00:35,612(8) --> [DEBUG][main] [NormalStore][reload index: {ceshi2=CommandPos{pos=49, len=41, fileName=data\\20240702_001240.table}, ceshi3=CommandPos{pos=94, len=41, fileName=data\\20240702_001240.table}, ceshi1=CommandPos{pos=139, len=28, fileName=data\\20240702_001240.table}}]: {}  
2024-07-02 17:00:35,613(9) --> [DEBUG][main] [NormalStore][reload index: {ceshi2=CommandPos{pos=49, len=41, fileName=data\\20240702_035757.table}, ceshi3=CommandPos{pos=94, len=41, fileName=data\\20240702_035757.table}, ceshi1=CommandPos{pos=139, len=28, fileName=data\\20240702_035757.table}}]: {}  
2024-07-02 17:00:35,616(12) --> [DEBUG][main] [NormalStore][reload index: {ceshi2=CommandPos{pos=139, len=41, fileName=data\\20240702_130733.table}, ceshi3=CommandPos{pos=229, len=41, fileName=data\\20240702_130733.table}, ceshi1=CommandPos{pos=306, len=28, fileName=data\\20240702_130733.table}}]: {}  
2024-07-02 17:00:35,617(13) --> [DEBUG][main] [NormalStore][reload index: {ceshi2=CommandPos{pos=139, len=41, fileName=data\\20240702_164009.table}, ceshi3=CommandPos{pos=229, len=41, fileName=data\\20240702_164009.table}, ceshi1=CommandPos{pos=306, len=28, fileName=data\\20240702_164009.table}}]: {}  
2024-07-02 17:00:35,618(14) --> [DEBUG][main] [NormalStore][reload index: {ceshi2=CommandPos{pos=139, len=41, fileName=data\\20240702_164009.table}, ceshi3=CommandPos{pos=229, len=41, fileName=data\\20240702_164009.table}, ceshi1=CommandPos{pos=49, len=41, fileName=data\\20240702_164442.table}}]: {}  
2024-07-02 17:00:35,619(15) --> [DEBUG][main] [NormalStore][reload index: {ceshi2=CommandPos{pos=49, len=41, fileName=data\\20240702_164951.table}, ceshi3=CommandPos{pos=229, len=41, fileName=data\\20240702_164009.table}, ceshi1=CommandPos{pos=49, len=41, fileName=data\\20240702_164442.table}}]: {}  
2024-07-02 17:00:35,619(15) --> [DEBUG][main] [NormalStore][reload index: {ceshi2=CommandPos{pos=49, len=41, fileName=data\\20240702_164951.table}, ceshi3=CommandPos{pos=49, len=41, fileName=data\\20240702_165225.table}, ceshi1=CommandPos{pos=49, len=41, fileName=data\\20240702_164442.table}}]: {}  
2024-07-02 17:00:35,620(16) --> [DEBUG][main] [NormalStore][reload index: {ceshi2=CommandPos{pos=49, len=41, fileName=data\\20240702_164951.table}, ceshi3=CommandPos{pos=49, len=41, fileName=data\\20240702_165225.table}, ceshi1=CommandPos{pos=36, len=28, fileName=data\\data.table}}]: {}  
2024-07-02 17:00:35,620(16) --> [DEBUG][main] [NormalStore][reload index: {ceshi2=CommandPos{pos=49, len=41, fileName=data\\20240702_164951.table}, ceshi3=CommandPos{pos=49, len=41, fileName=data\\20240702_165225.table}, ceshi1=CommandPos{pos=36, len=28, fileName=data\\data.table}}]: {}  
2024-07-05 14:44:58,806(0) --> [DEBUG][main] [NormalStore][reload index: {ceshi2=CommandPos{pos=49, len=41, fileName=data\\20240630_203656.table}, ceshi1=CommandPos{pos=4, len=41, fileName=data\\20240630_203656.table}}]: {}  
2024-07-05 14:44:58,815(9) --> [DEBUG][main] [NormalStore][reload index: {ceshi2=CommandPos{pos=49, len=41, fileName=data\\20240630_203656.table}, ceshi3=CommandPos{pos=4, len=41, fileName=data\\20240702_000823.table}, ceshi1=CommandPos{pos=49, len=28, fileName=data\\20240702_000823.table}}]: {}  
2024-07-05 14:44:58,821(15) --> [DEBUG][main] [NormalStore][reload index: {ceshi2=CommandPos{pos=49, len=41, fileName=data\\20240702_000840.table}, ceshi3=CommandPos{pos=94, len=41, fileName=data\\20240702_000840.table}, ceshi1=CommandPos{pos=139, len=28, fileName=data\\20240702_000840.table}}]: {}  
2024-07-05 14:44:58,824(18) --> [DEBUG][main] [NormalStore][reload index: {ceshi2=CommandPos{pos=49, len=41, fileName=data\\20240702_001240.table}, ceshi3=CommandPos{pos=94, len=41, fileName=data\\20240702_001240.table}, ceshi1=CommandPos{pos=139, len=28, fileName=data\\20240702_001240.table}}]: {}  
2024-07-05 14:44:58,825(19) --> [DEBUG][main] [NormalStore][reload index: {ceshi2=CommandPos{pos=49, len=41, fileName=data\\20240702_035757.table}, ceshi3=CommandPos{pos=94, len=41, fileName=data\\20240702_035757.table}, ceshi1=CommandPos{pos=139, len=28, fileName=data\\20240702_035757.table}}]: {}  
2024-07-05 14:44:58,832(26) --> [DEBUG][main] [NormalStore][reload index: {ceshi2=CommandPos{pos=139, len=41, fileName=data\\20240702_130733.table}, ceshi3=CommandPos{pos=229, len=41, fileName=data\\20240702_130733.table}, ceshi1=CommandPos{pos=306, len=28, fileName=data\\20240702_130733.table}}]: {}  
2024-07-05 14:44:58,834(28) --> [DEBUG][main] [NormalStore][reload index: {ceshi2=CommandPos{pos=139, len=41, fileName=data\\20240702_164009.table}, ceshi3=CommandPos{pos=229, len=41, fileName=data\\20240702_164009.table}, ceshi1=CommandPos{pos=306, len=28, fileName=data\\20240702_164009.table}}]: {}  
2024-07-05 14:44:58,840(34) --> [DEBUG][main] [NormalStore][reload index: {ceshi2=CommandPos{pos=139, len=41, fileName=data\\20240702_164009.table}, ceshi3=CommandPos{pos=229, len=41, fileName=data\\20240702_164009.table}, ceshi1=CommandPos{pos=49, len=41, fileName=data\\20240702_164442.table}}]: {}  
2024-07-05 14:44:58,845(39) --> [DEBUG][main] [NormalStore][reload index: {ceshi2=CommandPos{pos=49, len=41, fileName=data\\20240702_164951.table}, ceshi3=CommandPos{pos=229, len=41, fileName=data\\20240702_164009.table}, ceshi1=CommandPos{pos=49, len=41, fileName=data\\20240702_164442.table}}]: {}  
2024-07-05 14:44:58,853(47) --> [DEBUG][main] [NormalStore][reload index: {ceshi2=CommandPos{pos=49, len=41, fileName=data\\20240702_164951.table}, ceshi3=CommandPos{pos=49, len=41, fileName=data\\20240702_165225.table}, ceshi1=CommandPos{pos=49, len=41, fileName=data\\20240702_164442.table}}]: {}  
2024-07-05 14:44:58,859(53) --> [DEBUG][main] [NormalStore][reload index: {ceshi2=CommandPos{pos=49, len=41, fileName=data\\20240702_164951.table}, ceshi3=CommandPos{pos=49, len=41, fileName=data\\20240702_165225.table}, ceshi1=CommandPos{pos=36, len=28, fileName=data\\data.table}}]: {}  
2024-07-05 14:44:58,859(53) --> [DEBUG][main] [NormalStore][reload index: {ceshi2=CommandPos{pos=49, len=41, fileName=data\\20240702_164951.table}, ceshi3=CommandPos{pos=49, len=41, fileName=data\\20240702_165225.table}, ceshi1=CommandPos{pos=36, len=28, fileName=data\\data.table}}]: {}  
2024-07-05 14:44:58,862(56) --> [INFO ][main] [SocketServerController][startServer]: Server started, waiting for connections...  
2024-07-05 14:46:56,523(117717) --> [INFO ][main] [SocketServerController][startServer]: New client connected  
2024-07-05 14:46:56,613(117807) --> [DEBUG][Thread-0] [SocketServerHandler][ActionDTO]: ActionDTO{type=SET, key='ceshi1', value='1'}  
2024-07-05 14:46:56,631(117825) --> [DEBUG][Thread-0] [SocketServerHandler][run]: set action respActionDTO{type=SET, key='ceshi1', value='1'}  
2024-07-05 14:46:56,645(117839) --> [INFO ][main] [SocketServerController][startServer]: New client connected  
2024-07-05 14:46:56,646(117840) --> [DEBUG][Thread-1] [SocketServerHandler][ActionDTO]: ActionDTO{type=SET, key='ceshi2', value='2'}  
2024-07-05 14:46:56,650(117844) --> [DEBUG][Thread-0] [SocketServerHandler][run]: set action respActionDTO{type=SET, key='ceshi1', value='1'}  
2024-07-05 14:46:56,655(117849) --> [DEBUG][Thread-1] [SocketServerHandler][run]: set action respActionDTO{type=SET, key='ceshi2', value='2'}  
2024-07-05 14:46:56,655(117849) --> [INFO ][main] [SocketServerController][startServer]: New client connected  
2024-07-05 14:46:56,656(117850) --> [DEBUG][Thread-2] [SocketServerHandler][ActionDTO]: ActionDTO{type=SET, key='ceshi3', value='3'}  
2024-07-05 14:46:56,663(117857) --> [DEBUG][Thread-1] [SocketServerHandler][run]: set action respActionDTO{type=SET, key='ceshi2', value='2'}  
2024-07-05 14:46:56,670(117864) --> [DEBUG][Thread-2] [SocketServerHandler][run]: set action respActionDTO{type=SET, key='ceshi3', value='3'}  
2024-07-05 14:46:56,672(117866) --> [INFO ][main] [SocketServerController][startServer]: New client connected  
2024-07-05 14:46:56,673(117867) --> [DEBUG][Thread-3] [SocketServerHandler][ActionDTO]: ActionDTO{type=RM, key='ceshi1', value='null'}  
2024-07-05 14:46:56,679(117873) --> [DEBUG][Thread-2] [SocketServerHandler][run]: set action respActionDTO{type=SET, key='ceshi3', value='3'}  
2024-07-05 14:46:56,687(117881) --> [DEBUG][Thread-3] [SocketServerHandler][run]: rm action respActionDTO{type=RM, key='ceshi1', value='null'}  
2024-07-05 14:46:56,687(117881) --> [INFO ][main] [SocketServerController][startServer]: New client connected  
2024-07-05 14:46:56,689(117883) --> [DEBUG][Thread-4] [SocketServerHandler][ActionDTO]: ActionDTO{type=GET, key='ceshi2', value='null'}  
2024-07-05 14:46:56,695(117889) --> [DEBUG][Thread-4] [SocketServerHandler][run]: get action respActionDTO{type=GET, key='ceshi2', value='null'}  
2024-07-05 14:46:56,696(117890) --> [DEBUG][Thread-4] [SocketServerHandler][run]: get action respActionDTO{type=GET, key='ceshi2', value='null'}  
2024-07-05 14:48:08,310(0) --> [DEBUG][main] [NormalStore][reload index: {ceshi2=CommandPos{pos=49, len=41, fileName=data\\20240630_203656.table}, ceshi1=CommandPos{pos=4, len=41, fileName=data\\20240630_203656.table}}]: {}  
2024-07-05 14:48:08,314(4) --> [DEBUG][main] [NormalStore][reload index: {ceshi2=CommandPos{pos=49, len=41, fileName=data\\20240630_203656.table}, ceshi3=CommandPos{pos=4, len=41, fileName=data\\20240702_000823.table}, ceshi1=CommandPos{pos=49, len=28, fileName=data\\20240702_000823.table}}]: {}  
2024-07-05 14:48:08,314(4) --> [DEBUG][main] [NormalStore][reload index: {ceshi2=CommandPos{pos=49, len=41, fileName=data\\20240702_000840.table}, ceshi3=CommandPos{pos=94, len=41, fileName=data\\20240702_000840.table}, ceshi1=CommandPos{pos=139, len=28, fileName=data\\20240702_000840.table}}]: {}  
2024-07-05 14:48:08,314(4) --> [DEBUG][main] [NormalStore][reload index: {ceshi2=CommandPos{pos=49, len=41, fileName=data\\20240702_001240.table}, ceshi3=CommandPos{pos=94, len=41, fileName=data\\20240702_001240.table}, ceshi1=CommandPos{pos=139, len=28, fileName=data\\20240702_001240.table}}]: {}  
2024-07-05 14:48:08,315(5) --> [DEBUG][main] [NormalStore][reload index: {ceshi2=CommandPos{pos=49, len=41, fileName=data\\20240702_035757.table}, ceshi3=CommandPos{pos=94, len=41, fileName=data\\20240702_035757.table}, ceshi1=CommandPos{pos=139, len=28, fileName=data\\20240702_035757.table}}]: {}  
2024-07-05 14:48:08,316(6) --> [DEBUG][main] [NormalStore][reload index: {ceshi2=CommandPos{pos=139, len=41, fileName=data\\20240702_130733.table}, ceshi3=CommandPos{pos=229, len=41, fileName=data\\20240702_130733.table}, ceshi1=CommandPos{pos=306, len=28, fileName=data\\20240702_130733.table}}]: {}  
2024-07-05 14:48:08,316(6) --> [DEBUG][main] [NormalStore][reload index: {ceshi2=CommandPos{pos=139, len=41, fileName=data\\20240702_164009.table}, ceshi3=CommandPos{pos=229, len=41, fileName=data\\20240702_164009.table}, ceshi1=CommandPos{pos=306, len=28, fileName=data\\20240702_164009.table}}]: {}  
2024-07-05 14:48:08,317(7) --> [DEBUG][main] [NormalStore][reload index: {ceshi2=CommandPos{pos=139, len=41, fileName=data\\20240702_164009.table}, ceshi3=CommandPos{pos=229, len=41, fileName=data\\20240702_164009.table}, ceshi1=CommandPos{pos=49, len=41, fileName=data\\20240702_164442.table}}]: {}  
2024-07-05 14:48:08,317(7) --> [DEBUG][main] [NormalStore][reload index: {ceshi2=CommandPos{pos=49, len=41, fileName=data\\20240702_164951.table}, ceshi3=CommandPos{pos=229, len=41, fileName=data\\20240702_164009.table}, ceshi1=CommandPos{pos=49, len=41, fileName=data\\20240702_164442.table}}]: {}  
2024-07-05 14:48:08,317(7) --> [DEBUG][main] [NormalStore][reload index: {ceshi2=CommandPos{pos=49, len=41, fileName=data\\20240702_164951.table}, ceshi3=CommandPos{pos=49, len=41, fileName=data\\20240702_165225.table}, ceshi1=CommandPos{pos=49, len=41, fileName=data\\20240702_164442.table}}]: {}  
2024-07-05 14:48:08,317(7) --> [DEBUG][main] [NormalStore][reload index: {ceshi2=CommandPos{pos=49, len=41, fileName=data\\20240702_164951.table}, ceshi3=CommandPos{pos=49, len=41, fileName=data\\20240702_165225.table}, ceshi1=CommandPos{pos=36, len=28, fileName=data\\20240705_144656.table}}]: {}  
2024-07-05 14:48:08,317(7) --> [DEBUG][main] [NormalStore][reload index: {ceshi2=CommandPos{pos=139, len=41, fileName=data\\data.table}, ceshi3=CommandPos{pos=229, len=41, fileName=data\\data.table}, ceshi1=CommandPos{pos=306, len=28, fileName=data\\data.table}}]: {}  
2024-07-05 14:48:08,317(7) --> [DEBUG][main] [NormalStore][reload index: {ceshi2=CommandPos{pos=139, len=41, fileName=data\\data.table}, ceshi3=CommandPos{pos=229, len=41, fileName=data\\data.table}, ceshi1=CommandPos{pos=306, len=28, fileName=data\\data.table}}]: {}  
2024-07-30 15:30:13,610(0) --> [DEBUG][main] [NormalStore][reload index: {ceshi2=CommandPos{pos=49, len=41, fileName=data\\20240630_203656.table}, ceshi1=CommandPos{pos=4, len=41, fileName=data\\20240630_203656.table}}]: {}  
2024-07-30 15:30:13,612(2) --> [DEBUG][main] [NormalStore][reload index: {ceshi2=CommandPos{pos=49, len=41, fileName=data\\20240630_203656.table}, ceshi3=CommandPos{pos=4, len=41, fileName=data\\20240702_000823.table}, ceshi1=CommandPos{pos=49, len=28, fileName=data\\20240702_000823.table}}]: {}  
2024-07-30 15:30:13,613(3) --> [DEBUG][main] [NormalStore][reload index: {ceshi2=CommandPos{pos=49, len=41, fileName=data\\20240702_000840.table}, ceshi3=CommandPos{pos=94, len=41, fileName=data\\20240702_000840.table}, ceshi1=CommandPos{pos=139, len=28, fileName=data\\20240702_000840.table}}]: {}  
2024-07-30 15:30:13,613(3) --> [DEBUG][main] [NormalStore][reload index: {ceshi2=CommandPos{pos=49, len=41, fileName=data\\20240702_001240.table}, ceshi3=CommandPos{pos=94, len=41, fileName=data\\20240702_001240.table}, ceshi1=CommandPos{pos=139, len=28, fileName=data\\20240702_001240.table}}]: {}  
2024-07-30 15:30:13,614(4) --> [DEBUG][main] [NormalStore][reload index: {ceshi2=CommandPos{pos=49, len=41, fileName=data\\20240702_035757.table}, ceshi3=CommandPos{pos=94, len=41, fileName=data\\20240702_035757.table}, ceshi1=CommandPos{pos=139, len=28, fileName=data\\20240702_035757.table}}]: {}  
2024-07-30 15:30:13,616(6) --> [DEBUG][main] [NormalStore][reload index: {ceshi2=CommandPos{pos=139, len=41, fileName=data\\20240702_130733.table}, ceshi3=CommandPos{pos=229, len=41, fileName=data\\20240702_130733.table}, ceshi1=CommandPos{pos=306, len=28, fileName=data\\20240702_130733.table}}]: {}  
2024-07-30 15:30:13,616(6) --> [DEBUG][main] [NormalStore][reload index: {ceshi2=CommandPos{pos=139, len=41, fileName=data\\20240702_164009.table}, ceshi3=CommandPos{pos=229, len=41, fileName=data\\20240702_164009.table}, ceshi1=CommandPos{pos=306, len=28, fileName=data\\20240702_164009.table}}]: {}  
2024-07-30 15:30:13,618(8) --> [DEBUG][main] [NormalStore][reload index: {ceshi2=CommandPos{pos=139, len=41, fileName=data\\20240702_164009.table}, ceshi3=CommandPos{pos=229, len=41, fileName=data\\20240702_164009.table}, ceshi1=CommandPos{pos=49, len=41, fileName=data\\20240702_164442.table}}]: {}  
2024-07-30 15:30:13,618(8) --> [DEBUG][main] [NormalStore][reload index: {ceshi2=CommandPos{pos=49, len=41, fileName=data\\20240702_164951.table}, ceshi3=CommandPos{pos=229, len=41, fileName=data\\20240702_164009.table}, ceshi1=CommandPos{pos=49, len=41, fileName=data\\20240702_164442.table}}]: {}  
2024-07-30 15:30:13,618(8) --> [DEBUG][main] [NormalStore][reload index: {ceshi2=CommandPos{pos=49, len=41, fileName=data\\20240702_164951.table}, ceshi3=CommandPos{pos=49, len=41, fileName=data\\20240702_165225.table}, ceshi1=CommandPos{pos=49, len=41, fileName=data\\20240702_164442.table}}]: {}  
2024-07-30 15:30:13,619(9) --> [DEBUG][main] [NormalStore][reload index: {ceshi2=CommandPos{pos=49, len=41, fileName=data\\20240702_164951.table}, ceshi3=CommandPos{pos=49, len=41, fileName=data\\20240702_165225.table}, ceshi1=CommandPos{pos=36, len=28, fileName=data\\20240705_144656.table}}]: {}  
2024-07-30 15:30:13,619(9) --> [DEBUG][main] [NormalStore][reload index: {ceshi2=CommandPos{pos=139, len=41, fileName=data\\data.table}, ceshi3=CommandPos{pos=229, len=41, fileName=data\\data.table}, ceshi1=CommandPos{pos=306, len=28, fileName=data\\data.table}}]: {}  
2024-07-30 15:30:13,619(9) --> [DEBUG][main] [NormalStore][reload index: {ceshi2=CommandPos{pos=139, len=41, fileName=data\\data.table}, ceshi3=CommandPos{pos=229, len=41, fileName=data\\data.table}, ceshi1=CommandPos{pos=306, len=28, fileName=data\\data.table}}]: {}  
2024-07-30 15:30:13,620(10) --> [INFO ][main] [SocketServerController][startServer]: Server started, waiting for connections...  
2024-07-30 15:30:22,571(8961) --> [INFO ][main] [SocketServerController][startServer]: New client connected  
2024-07-30 15:30:22,622(9012) --> [DEBUG][Thread-0] [SocketServerHandler][ActionDTO]: ActionDTO{type=SET, key='ceshi1', value='1'}  
2024-07-30 15:30:22,637(9027) --> [DEBUG][Thread-0] [SocketServerHandler][run]: set action respActionDTO{type=SET, key='ceshi1', value='1'}  
2024-07-30 15:30:22,640(9030) --> [DEBUG][Thread-0] [SocketServerHandler][run]: set action respActionDTO{type=SET, key='ceshi1', value='1'}  
2024-07-30 15:30:22,642(9032) --> [INFO ][main] [SocketServerController][startServer]: New client connected  
2024-07-30 15:30:22,643(9033) --> [DEBUG][Thread-1] [SocketServerHandler][ActionDTO]: ActionDTO{type=SET, key='ceshi2', value='2'}  
2024-07-30 15:30:22,644(9034) --> [DEBUG][Thread-1] [SocketServerHandler][run]: set action respActionDTO{type=SET, key='ceshi2', value='2'}  
2024-07-30 15:30:22,644(9034) --> [DEBUG][Thread-1] [SocketServerHandler][run]: set action respActionDTO{type=SET, key='ceshi2', value='2'}  
2024-07-30 15:30:22,645(9035) --> [INFO ][main] [SocketServerController][startServer]: New client connected  
2024-07-30 15:30:22,646(9036) --> [DEBUG][Thread-2] [SocketServerHandler][ActionDTO]: ActionDTO{type=SET, key='ceshi3', value='3'}  
2024-07-30 15:30:22,647(9037) --> [DEBUG][Thread-2] [SocketServerHandler][run]: set action respActionDTO{type=SET, key='ceshi3', value='3'}  
2024-07-30 15:30:22,648(9038) --> [DEBUG][Thread-2] [SocketServerHandler][run]: set action respActionDTO{type=SET, key='ceshi3', value='3'}  
2024-07-30 15:30:22,648(9038) --> [INFO ][main] [SocketServerController][startServer]: New client connected  
2024-07-30 15:30:22,651(9041) --> [DEBUG][Thread-3] [SocketServerHandler][ActionDTO]: ActionDTO{type=RM, key='ceshi1', value='null'}  
2024-07-30 15:30:22,657(9047) --> [DEBUG][Thread-3] [SocketServerHandler][run]: rm action respActionDTO{type=RM, key='ceshi1', value='null'}  
2024-07-30 15:30:22,659(9049) --> [INFO ][main] [SocketServerController][startServer]: New client connected  
2024-07-30 15:30:22,661(9051) --> [DEBUG][Thread-4] [SocketServerHandler][ActionDTO]: ActionDTO{type=GET, key='ceshi2', value='null'}  
2024-07-30 15:30:22,661(9051) --> [DEBUG][Thread-4] [SocketServerHandler][run]: get action respActionDTO{type=GET, key='ceshi2', value='null'}  
2024-07-30 15:30:22,663(9053) --> [DEBUG][Thread-4] [SocketServerHandler][run]: get action respActionDTO{type=GET, key='ceshi2', value='null'}  
2024-07-30 21:10:21,519(0) --> [DEBUG][main] [NormalStore][reload index: {ceshi2=CommandPos{pos=49, len=41, fileName=data\\20240630_203656.table}, ceshi1=CommandPos{pos=4, len=41, fileName=data\\20240630_203656.table}}]: {}  
2024-07-30 21:10:21,525(6) --> [DEBUG][main] [NormalStore][reload index: {ceshi2=CommandPos{pos=49, len=41, fileName=data\\20240630_203656.table}, ceshi3=CommandPos{pos=4, len=41, fileName=data\\20240702_000823.table}, ceshi1=CommandPos{pos=49, len=28, fileName=data\\20240702_000823.table}}]: {}  
2024-07-30 21:10:21,530(11) --> [DEBUG][main] [NormalStore][reload index: {ceshi2=CommandPos{pos=49, len=41, fileName=data\\20240702_000840.table}, ceshi3=CommandPos{pos=94, len=41, fileName=data\\20240702_000840.table}, ceshi1=CommandPos{pos=139, len=28, fileName=data\\20240702_000840.table}}]: {}  
2024-07-30 21:10:21,532(13) --> [DEBUG][main] [NormalStore][reload index: {ceshi2=CommandPos{pos=49, len=41, fileName=data\\20240702_001240.table}, ceshi3=CommandPos{pos=94, len=41, fileName=data\\20240702_001240.table}, ceshi1=CommandPos{pos=139, len=28, fileName=data\\20240702_001240.table}}]: {}  
2024-07-30 21:10:21,533(14) --> [DEBUG][main] [NormalStore][reload index: {ceshi2=CommandPos{pos=49, len=41, fileName=data\\20240702_035757.table}, ceshi3=CommandPos{pos=94, len=41, fileName=data\\20240702_035757.table}, ceshi1=CommandPos{pos=139, len=28, fileName=data\\20240702_035757.table}}]: {}  
2024-07-30 21:10:21,537(18) --> [DEBUG][main] [NormalStore][reload index: {ceshi2=CommandPos{pos=139, len=41, fileName=data\\20240702_130733.table}, ceshi3=CommandPos{pos=229, len=41, fileName=data\\20240702_130733.table}, ceshi1=CommandPos{pos=306, len=28, fileName=data\\20240702_130733.table}}]: {}  
2024-07-30 21:10:21,538(19) --> [DEBUG][main] [NormalStore][reload index: {ceshi2=CommandPos{pos=139, len=41, fileName=data\\20240702_164009.table}, ceshi3=CommandPos{pos=229, len=41, fileName=data\\20240702_164009.table}, ceshi1=CommandPos{pos=306, len=28, fileName=data\\20240702_164009.table}}]: {}  
2024-07-30 21:10:21,543(24) --> [DEBUG][main] [NormalStore][reload index: {ceshi2=CommandPos{pos=139, len=41, fileName=data\\20240702_164009.table}, ceshi3=CommandPos{pos=229, len=41, fileName=data\\20240702_164009.table}, ceshi1=CommandPos{pos=49, len=41, fileName=data\\20240702_164442.table}}]: {}  
2024-07-30 21:10:21,549(30) --> [DEBUG][main] [NormalStore][reload index: {ceshi2=CommandPos{pos=49, len=41, fileName=data\\20240702_164951.table}, ceshi3=CommandPos{pos=229, len=41, fileName=data\\20240702_164009.table}, ceshi1=CommandPos{pos=49, len=41, fileName=data\\20240702_164442.table}}]: {}  
2024-07-30 21:10:21,554(35) --> [DEBUG][main] [NormalStore][reload index: {ceshi2=CommandPos{pos=49, len=41, fileName=data\\20240702_164951.table}, ceshi3=CommandPos{pos=49, len=41, fileName=data\\20240702_165225.table}, ceshi1=CommandPos{pos=49, len=41, fileName=data\\20240702_164442.table}}]: {}  
2024-07-30 21:10:21,557(38) --> [DEBUG][main] [NormalStore][reload index: {ceshi2=CommandPos{pos=49, len=41, fileName=data\\20240702_164951.table}, ceshi3=CommandPos{pos=49, len=41, fileName=data\\20240702_165225.table}, ceshi1=CommandPos{pos=36, len=28, fileName=data\\20240705_144656.table}}]: {}  
2024-07-30 21:10:21,558(39) --> [DEBUG][main] [NormalStore][reload index: {ceshi2=CommandPos{pos=139, len=41, fileName=data\\data.table}, ceshi3=CommandPos{pos=229, len=41, fileName=data\\data.table}, ceshi1=CommandPos{pos=306, len=28, fileName=data\\data.table}}]: {}  
2024-07-30 21:10:21,558(39) --> [DEBUG][main] [NormalStore][reload index: {ceshi2=CommandPos{pos=139, len=41, fileName=data\\data.table}, ceshi3=CommandPos{pos=229, len=41, fileName=data\\data.table}, ceshi1=CommandPos{pos=306, len=28, fileName=data\\data.table}}]: {}  
2024-07-30 21:24:46,457(0) --> [DEBUG][main] [NormalStore][reload index: {ceshi2=CommandPos{pos=49, len=41, fileName=data\\20240630_203656.table}, ceshi1=CommandPos{pos=4, len=41, fileName=data\\20240630_203656.table}}]: {}  
2024-07-30 21:24:46,459(2) --> [DEBUG][main] [NormalStore][reload index: {ceshi2=CommandPos{pos=49, len=41, fileName=data\\20240630_203656.table}, ceshi3=CommandPos{pos=4, len=41, fileName=data\\20240702_000823.table}, ceshi1=CommandPos{pos=49, len=28, fileName=data\\20240702_000823.table}}]: {}  
2024-07-30 21:24:46,459(2) --> [DEBUG][main] [NormalStore][reload index: {ceshi2=CommandPos{pos=49, len=41, fileName=data\\20240702_000840.table}, ceshi3=CommandPos{pos=94, len=41, fileName=data\\20240702_000840.table}, ceshi1=CommandPos{pos=139, len=28, fileName=data\\20240702_000840.table}}]: {}  
2024-07-30 21:24:46,459(2) --> [DEBUG][main] [NormalStore][reload index: {ceshi2=CommandPos{pos=49, len=41, fileName=data\\20240702_001240.table}, ceshi3=CommandPos{pos=94, len=41, fileName=data\\20240702_001240.table}, ceshi1=CommandPos{pos=139, len=28, fileName=data\\20240702_001240.table}}]: {}  
2024-07-30 21:24:46,460(3) --> [DEBUG][main] [NormalStore][reload index: {ceshi2=CommandPos{pos=49, len=41, fileName=data\\20240702_035757.table}, ceshi3=CommandPos{pos=94, len=41, fileName=data\\20240702_035757.table}, ceshi1=CommandPos{pos=139, len=28, fileName=data\\20240702_035757.table}}]: {}  
2024-07-30 21:24:46,461(4) --> [DEBUG][main] [NormalStore][reload index: {ceshi2=CommandPos{pos=139, len=41, fileName=data\\20240702_130733.table}, ceshi3=CommandPos{pos=229, len=41, fileName=data\\20240702_130733.table}, ceshi1=CommandPos{pos=306, len=28, fileName=data\\20240702_130733.table}}]: {}  
2024-07-30 21:24:46,462(5) --> [DEBUG][main] [NormalStore][reload index: {ceshi2=CommandPos{pos=139, len=41, fileName=data\\20240702_164009.table}, ceshi3=CommandPos{pos=229, len=41, fileName=data\\20240702_164009.table}, ceshi1=CommandPos{pos=306, len=28, fileName=data\\20240702_164009.table}}]: {}  
2024-07-30 21:24:46,462(5) --> [DEBUG][main] [NormalStore][reload index: {ceshi2=CommandPos{pos=139, len=41, fileName=data\\20240702_164009.table}, ceshi3=CommandPos{pos=229, len=41, fileName=data\\20240702_164009.table}, ceshi1=CommandPos{pos=49, len=41, fileName=data\\20240702_164442.table}}]: {}  
2024-07-30 21:24:46,462(5) --> [DEBUG][main] [NormalStore][reload index: {ceshi2=CommandPos{pos=49, len=41, fileName=data\\20240702_164951.table}, ceshi3=CommandPos{pos=229, len=41, fileName=data\\20240702_164009.table}, ceshi1=CommandPos{pos=49, len=41, fileName=data\\20240702_164442.table}}]: {}  
2024-07-30 21:24:46,463(6) --> [DEBUG][main] [NormalStore][reload index: {ceshi2=CommandPos{pos=49, len=41, fileName=data\\20240702_164951.table}, ceshi3=CommandPos{pos=49, len=41, fileName=data\\20240702_165225.table}, ceshi1=CommandPos{pos=49, len=41, fileName=data\\20240702_164442.table}}]: {}  
2024-07-30 21:24:46,464(7) --> [DEBUG][main] [NormalStore][reload index: {ceshi2=CommandPos{pos=49, len=41, fileName=data\\20240702_164951.table}, ceshi3=CommandPos{pos=49, len=41, fileName=data\\20240702_165225.table}, ceshi1=CommandPos{pos=36, len=28, fileName=data\\20240705_144656.table}}]: {}  
2024-07-30 21:24:46,464(7) --> [DEBUG][main] [NormalStore][reload index: {ceshi2=CommandPos{pos=139, len=41, fileName=data\\data.table}, ceshi3=CommandPos{pos=229, len=41, fileName=data\\data.table}, ceshi1=CommandPos{pos=306, len=28, fileName=data\\data.table}}]: {}  
2024-07-30 21:24:46,464(7) --> [DEBUG][main] [NormalStore][reload index: {ceshi2=CommandPos{pos=139, len=41, fileName=data\\data.table}, ceshi3=CommandPos{pos=229, len=41, fileName=data\\data.table}, ceshi1=CommandPos{pos=306, len=28, fileName=data\\data.table}}]: {}  
2024-07-30 21:41:46,346(0) --> [DEBUG][main] [NormalStore][reload index: {ceshi2=CommandPos{pos=49, len=41, fileName=data\\20240630_203656.table}, ceshi1=CommandPos{pos=4, len=41, fileName=data\\20240630_203656.table}}]: {}  
2024-07-30 21:41:46,349(3) --> [DEBUG][main] [NormalStore][reload index: {ceshi2=CommandPos{pos=49, len=41, fileName=data\\20240630_203656.table}, ceshi3=CommandPos{pos=4, len=41, fileName=data\\20240702_000823.table}, ceshi1=CommandPos{pos=49, len=28, fileName=data\\20240702_000823.table}}]: {}  
2024-07-30 21:41:46,349(3) --> [DEBUG][main] [NormalStore][reload index: {ceshi2=CommandPos{pos=49, len=41, fileName=data\\20240702_000840.table}, ceshi3=CommandPos{pos=94, len=41, fileName=data\\20240702_000840.table}, ceshi1=CommandPos{pos=139, len=28, fileName=data\\20240702_000840.table}}]: {}  
2024-07-30 21:41:46,350(4) --> [DEBUG][main] [NormalStore][reload index: {ceshi2=CommandPos{pos=49, len=41, fileName=data\\20240702_001240.table}, ceshi3=CommandPos{pos=94, len=41, fileName=data\\20240702_001240.table}, ceshi1=CommandPos{pos=139, len=28, fileName=data\\20240702_001240.table}}]: {}  
2024-07-30 21:41:46,350(4) --> [DEBUG][main] [NormalStore][reload index: {ceshi2=CommandPos{pos=49, len=41, fileName=data\\20240702_035757.table}, ceshi3=CommandPos{pos=94, len=41, fileName=data\\20240702_035757.table}, ceshi1=CommandPos{pos=139, len=28, fileName=data\\20240702_035757.table}}]: {}  
2024-07-30 21:41:46,352(6) --> [DEBUG][main] [NormalStore][reload index: {ceshi2=CommandPos{pos=139, len=41, fileName=data\\20240702_130733.table}, ceshi3=CommandPos{pos=229, len=41, fileName=data\\20240702_130733.table}, ceshi1=CommandPos{pos=306, len=28, fileName=data\\20240702_130733.table}}]: {}  
2024-07-30 21:41:46,352(6) --> [DEBUG][main] [NormalStore][reload index: {ceshi2=CommandPos{pos=139, len=41, fileName=data\\20240702_164009.table}, ceshi3=CommandPos{pos=229, len=41, fileName=data\\20240702_164009.table}, ceshi1=CommandPos{pos=306, len=28, fileName=data\\20240702_164009.table}}]: {}  
2024-07-30 21:41:46,352(6) --> [DEBUG][main] [NormalStore][reload index: {ceshi2=CommandPos{pos=139, len=41, fileName=data\\20240702_164009.table}, ceshi3=CommandPos{pos=229, len=41, fileName=data\\20240702_164009.table}, ceshi1=CommandPos{pos=49, len=41, fileName=data\\20240702_164442.table}}]: {}  
2024-07-30 21:41:46,354(8) --> [DEBUG][main] [NormalStore][reload index: {ceshi2=CommandPos{pos=49, len=41, fileName=data\\20240702_164951.table}, ceshi3=CommandPos{pos=229, len=41, fileName=data\\20240702_164009.table}, ceshi1=CommandPos{pos=49, len=41, fileName=data\\20240702_164442.table}}]: {}  
2024-07-30 21:41:46,354(8) --> [DEBUG][main] [NormalStore][reload index: {ceshi2=CommandPos{pos=49, len=41, fileName=data\\20240702_164951.table}, ceshi3=CommandPos{pos=49, len=41, fileName=data\\20240702_165225.table}, ceshi1=CommandPos{pos=49, len=41, fileName=data\\20240702_164442.table}}]: {}  
2024-07-30 21:41:46,354(8) --> [DEBUG][main] [NormalStore][reload index: {ceshi2=CommandPos{pos=49, len=41, fileName=data\\20240702_164951.table}, ceshi3=CommandPos{pos=49, len=41, fileName=data\\20240702_165225.table}, ceshi1=CommandPos{pos=36, len=28, fileName=data\\20240705_144656.table}}]: {}  
2024-07-30 21:41:46,355(9) --> [DEBUG][main] [NormalStore][reload index: {ceshi2=CommandPos{pos=139, len=41, fileName=data\\data.table}, ceshi3=CommandPos{pos=229, len=41, fileName=data\\data.table}, ceshi1=CommandPos{pos=306, len=28, fileName=data\\data.table}}]: {}  
2024-07-30 21:41:46,355(9) --> [DEBUG][main] [NormalStore][reload index: {ceshi2=CommandPos{pos=139, len=41, fileName=data\\data.table}, ceshi3=CommandPos{pos=229, len=41, fileName=data\\data.table}, ceshi1=CommandPos{pos=306, len=28, fileName=data\\data.table}}]: {}  
2024-07-30 21:41:46,358(12) --> [INFO ][main] [SocketServerController][startServer]: Server started, waiting for connections...  
2024-07-30 22:58:06,914(0) --> [DEBUG][main] [NormalStore][reload index: {ceshi2=CommandPos{pos=49, len=41, fileName=data\\20240630_203656.table}, ceshi1=CommandPos{pos=4, len=41, fileName=data\\20240630_203656.table}}]: {}  
2024-07-30 22:58:06,914(0) --> [DEBUG][main] [NormalStore][reload index: {ceshi2=CommandPos{pos=49, len=41, fileName=data\\20240630_203656.table}, ceshi3=CommandPos{pos=4, len=41, fileName=data\\20240702_000823.table}, ceshi1=CommandPos{pos=49, len=28, fileName=data\\20240702_000823.table}}]: {}  
2024-07-30 22:58:06,914(0) --> [DEBUG][main] [NormalStore][reload index: {ceshi2=CommandPos{pos=49, len=41, fileName=data\\20240702_000840.table}, ceshi3=CommandPos{pos=94, len=41, fileName=data\\20240702_000840.table}, ceshi1=CommandPos{pos=139, len=28, fileName=data\\20240702_000840.table}}]: {}  
2024-07-30 22:58:06,914(0) --> [DEBUG][main] [NormalStore][reload index: {ceshi2=CommandPos{pos=49, len=41, fileName=data\\20240702_001240.table}, ceshi3=CommandPos{pos=94, len=41, fileName=data\\20240702_001240.table}, ceshi1=CommandPos{pos=139, len=28, fileName=data\\20240702_001240.table}}]: {}  
2024-07-30 22:58:06,914(0) --> [DEBUG][main] [NormalStore][reload index: {ceshi2=CommandPos{pos=49, len=41, fileName=data\\20240702_035757.table}, ceshi3=CommandPos{pos=94, len=41, fileName=data\\20240702_035757.table}, ceshi1=CommandPos{pos=139, len=28, fileName=data\\20240702_035757.table}}]: {}  
2024-07-30 22:58:06,921(7) --> [DEBUG][main] [NormalStore][reload index: {ceshi2=CommandPos{pos=139, len=41, fileName=data\\20240702_130733.table}, ceshi3=CommandPos{pos=229, len=41, fileName=data\\20240702_130733.table}, ceshi1=CommandPos{pos=306, len=28, fileName=data\\20240702_130733.table}}]: {}  
2024-07-30 22:58:06,921(7) --> [DEBUG][main] [NormalStore][reload index: {ceshi2=CommandPos{pos=139, len=41, fileName=data\\20240702_164009.table}, ceshi3=CommandPos{pos=229, len=41, fileName=data\\20240702_164009.table}, ceshi1=CommandPos{pos=306, len=28, fileName=data\\20240702_164009.table}}]: {}  
2024-07-30 22:58:06,921(7) --> [DEBUG][main] [NormalStore][reload index: {ceshi2=CommandPos{pos=139, len=41, fileName=data\\20240702_164009.table}, ceshi3=CommandPos{pos=229, len=41, fileName=data\\20240702_164009.table}, ceshi1=CommandPos{pos=49, len=41, fileName=data\\20240702_164442.table}}]: {}  
2024-07-30 22:58:06,921(7) --> [DEBUG][main] [NormalStore][reload index: {ceshi2=CommandPos{pos=49, len=41, fileName=data\\20240702_164951.table}, ceshi3=CommandPos{pos=229, len=41, fileName=data\\20240702_164009.table}, ceshi1=CommandPos{pos=49, len=41, fileName=data\\20240702_164442.table}}]: {}  
2024-07-30 22:58:06,921(7) --> [DEBUG][main] [NormalStore][reload index: {ceshi2=CommandPos{pos=49, len=41, fileName=data\\20240702_164951.table}, ceshi3=CommandPos{pos=49, len=41, fileName=data\\20240702_165225.table}, ceshi1=CommandPos{pos=49, len=41, fileName=data\\20240702_164442.table}}]: {}  
2024-07-30 22:58:06,921(7) --> [DEBUG][main] [NormalStore][reload index: {ceshi2=CommandPos{pos=49, len=41, fileName=data\\20240702_164951.table}, ceshi3=CommandPos{pos=49, len=41, fileName=data\\20240702_165225.table}, ceshi1=CommandPos{pos=36, len=28, fileName=data\\20240705_144656.table}}]: {}  
2024-07-30 22:58:06,921(7) --> [DEBUG][main] [NormalStore][reload index: {ceshi2=CommandPos{pos=139, len=41, fileName=data\\data.table}, ceshi3=CommandPos{pos=229, len=41, fileName=data\\data.table}, ceshi1=CommandPos{pos=306, len=28, fileName=data\\data.table}}]: {}  
2024-07-30 22:58:06,921(7) --> [DEBUG][main] [NormalStore][reload index: {ceshi2=CommandPos{pos=139, len=41, fileName=data\\data.table}, ceshi3=CommandPos{pos=229, len=41, fileName=data\\data.table}, ceshi1=CommandPos{pos=306, len=28, fileName=data\\data.table}}]: {}  
2024-07-30 22:58:07,575(661) --> [INFO ][main] [SocketServerController][startServer]: Server started, waiting for connections...  
2024-07-30 23:04:28,897(0) --> [DEBUG][main] [NormalStore][reload index: {ceshi2=CommandPos{pos=49, len=41, fileName=data\\20240630_203656.table}, ceshi1=CommandPos{pos=4, len=41, fileName=data\\20240630_203656.table}}]: {}  
2024-07-30 23:04:28,905(8) --> [DEBUG][main] [NormalStore][reload index: {ceshi2=CommandPos{pos=49, len=41, fileName=data\\20240630_203656.table}, ceshi3=CommandPos{pos=4, len=41, fileName=data\\20240702_000823.table}, ceshi1=CommandPos{pos=49, len=28, fileName=data\\20240702_000823.table}}]: {}  
2024-07-30 23:04:28,905(8) --> [DEBUG][main] [NormalStore][reload index: {ceshi2=CommandPos{pos=49, len=41, fileName=data\\20240702_000840.table}, ceshi3=CommandPos{pos=94, len=41, fileName=data\\20240702_000840.table}, ceshi1=CommandPos{pos=139, len=28, fileName=data\\20240702_000840.table}}]: {}  
2024-07-30 23:04:28,905(8) --> [DEBUG][main] [NormalStore][reload index: {ceshi2=CommandPos{pos=49, len=41, fileName=data\\20240702_001240.table}, ceshi3=CommandPos{pos=94, len=41, fileName=data\\20240702_001240.table}, ceshi1=CommandPos{pos=139, len=28, fileName=data\\20240702_001240.table}}]: {}  
2024-07-30 23:04:28,905(8) --> [DEBUG][main] [NormalStore][reload index: {ceshi2=CommandPos{pos=49, len=41, fileName=data\\20240702_035757.table}, ceshi3=CommandPos{pos=94, len=41, fileName=data\\20240702_035757.table}, ceshi1=CommandPos{pos=139, len=28, fileName=data\\20240702_035757.table}}]: {}  
2024-07-30 23:04:28,905(8) --> [DEBUG][main] [NormalStore][reload index: {ceshi2=CommandPos{pos=139, len=41, fileName=data\\20240702_130733.table}, ceshi3=CommandPos{pos=229, len=41, fileName=data\\20240702_130733.table}, ceshi1=CommandPos{pos=306, len=28, fileName=data\\20240702_130733.table}}]: {}  
2024-07-30 23:04:28,905(8) --> [DEBUG][main] [NormalStore][reload index: {ceshi2=CommandPos{pos=139, len=41, fileName=data\\20240702_164009.table}, ceshi3=CommandPos{pos=229, len=41, fileName=data\\20240702_164009.table}, ceshi1=CommandPos{pos=306, len=28, fileName=data\\20240702_164009.table}}]: {}  
2024-07-30 23:04:28,905(8) --> [DEBUG][main] [NormalStore][reload index: {ceshi2=CommandPos{pos=139, len=41, fileName=data\\20240702_164009.table}, ceshi3=CommandPos{pos=229, len=41, fileName=data\\20240702_164009.table}, ceshi1=CommandPos{pos=49, len=41, fileName=data\\20240702_164442.table}}]: {}  
2024-07-30 23:04:28,905(8) --> [DEBUG][main] [NormalStore][reload index: {ceshi2=CommandPos{pos=49, len=41, fileName=data\\20240702_164951.table}, ceshi3=CommandPos{pos=229, len=41, fileName=data\\20240702_164009.table}, ceshi1=CommandPos{pos=49, len=41, fileName=data\\20240702_164442.table}}]: {}  
2024-07-30 23:04:28,905(8) --> [DEBUG][main] [NormalStore][reload index: {ceshi2=CommandPos{pos=49, len=41, fileName=data\\20240702_164951.table}, ceshi3=CommandPos{pos=49, len=41, fileName=data\\20240702_165225.table}, ceshi1=CommandPos{pos=49, len=41, fileName=data\\20240702_164442.table}}]: {}  
2024-07-30 23:04:28,905(8) --> [DEBUG][main] [NormalStore][reload index: {ceshi2=CommandPos{pos=49, len=41, fileName=data\\20240702_164951.table}, ceshi3=CommandPos{pos=49, len=41, fileName=data\\20240702_165225.table}, ceshi1=CommandPos{pos=36, len=28, fileName=data\\20240705_144656.table}}]: {}  
2024-07-30 23:04:28,905(8) --> [DEBUG][main] [NormalStore][reload index: {ceshi2=CommandPos{pos=139, len=41, fileName=data\\data.table}, ceshi3=CommandPos{pos=229, len=41, fileName=data\\data.table}, ceshi1=CommandPos{pos=306, len=28, fileName=data\\data.table}}]: {}  
2024-07-30 23:04:28,905(8) --> [DEBUG][main] [NormalStore][reload index: {ceshi2=CommandPos{pos=139, len=41, fileName=data\\data.table}, ceshi3=CommandPos{pos=229, len=41, fileName=data\\data.table}, ceshi1=CommandPos{pos=306, len=28, fileName=data\\data.table}}]: {}  
2024-07-30 23:04:29,187(290) --> [INFO ][main] [SocketServerController][startServer]: Server started, waiting for connections...  
2024-07-30 23:06:23,021(0) --> [DEBUG][main] [NormalStore][reload index: {ceshi2=CommandPos{pos=49, len=41, fileName=data\\20240630_203656.table}, ceshi1=CommandPos{pos=4, len=41, fileName=data\\20240630_203656.table}}]: {}  
2024-07-30 23:06:23,025(4) --> [DEBUG][main] [NormalStore][reload index: {ceshi2=CommandPos{pos=49, len=41, fileName=data\\20240630_203656.table}, ceshi3=CommandPos{pos=4, len=41, fileName=data\\20240702_000823.table}, ceshi1=CommandPos{pos=49, len=28, fileName=data\\20240702_000823.table}}]: {}  
2024-07-30 23:06:23,025(4) --> [DEBUG][main] [NormalStore][reload index: {ceshi2=CommandPos{pos=49, len=41, fileName=data\\20240702_000840.table}, ceshi3=CommandPos{pos=94, len=41, fileName=data\\20240702_000840.table}, ceshi1=CommandPos{pos=139, len=28, fileName=data\\20240702_000840.table}}]: {}  
2024-07-30 23:06:23,025(4) --> [DEBUG][main] [NormalStore][reload index: {ceshi2=CommandPos{pos=49, len=41, fileName=data\\20240702_001240.table}, ceshi3=CommandPos{pos=94, len=41, fileName=data\\20240702_001240.table}, ceshi1=CommandPos{pos=139, len=28, fileName=data\\20240702_001240.table}}]: {}  
2024-07-30 23:06:23,025(4) --> [DEBUG][main] [NormalStore][reload index: {ceshi2=CommandPos{pos=49, len=41, fileName=data\\20240702_035757.table}, ceshi3=CommandPos{pos=94, len=41, fileName=data\\20240702_035757.table}, ceshi1=CommandPos{pos=139, len=28, fileName=data\\20240702_035757.table}}]: {}  
2024-07-30 23:06:23,029(8) --> [DEBUG][main] [NormalStore][reload index: {ceshi2=CommandPos{pos=139, len=41, fileName=data\\20240702_130733.table}, ceshi3=CommandPos{pos=229, len=41, fileName=data\\20240702_130733.table}, ceshi1=CommandPos{pos=306, len=28, fileName=data\\20240702_130733.table}}]: {}  
2024-07-30 23:06:23,029(8) --> [DEBUG][main] [NormalStore][reload index: {ceshi2=CommandPos{pos=139, len=41, fileName=data\\20240702_164009.table}, ceshi3=CommandPos{pos=229, len=41, fileName=data\\20240702_164009.table}, ceshi1=CommandPos{pos=306, len=28, fileName=data\\20240702_164009.table}}]: {}  
2024-07-30 23:06:23,029(8) --> [DEBUG][main] [NormalStore][reload index: {ceshi2=CommandPos{pos=139, len=41, fileName=data\\20240702_164009.table}, ceshi3=CommandPos{pos=229, len=41, fileName=data\\20240702_164009.table}, ceshi1=CommandPos{pos=49, len=41, fileName=data\\20240702_164442.table}}]: {}  
2024-07-30 23:06:23,029(8) --> [DEBUG][main] [NormalStore][reload index: {ceshi2=CommandPos{pos=49, len=41, fileName=data\\20240702_164951.table}, ceshi3=CommandPos{pos=229, len=41, fileName=data\\20240702_164009.table}, ceshi1=CommandPos{pos=49, len=41, fileName=data\\20240702_164442.table}}]: {}  
2024-07-30 23:06:23,029(8) --> [DEBUG][main] [NormalStore][reload index: {ceshi2=CommandPos{pos=49, len=41, fileName=data\\20240702_164951.table}, ceshi3=CommandPos{pos=49, len=41, fileName=data\\20240702_165225.table}, ceshi1=CommandPos{pos=49, len=41, fileName=data\\20240702_164442.table}}]: {}  
2024-07-30 23:06:23,029(8) --> [DEBUG][main] [NormalStore][reload index: {ceshi2=CommandPos{pos=49, len=41, fileName=data\\20240702_164951.table}, ceshi3=CommandPos{pos=49, len=41, fileName=data\\20240702_165225.table}, ceshi1=CommandPos{pos=36, len=28, fileName=data\\20240705_144656.table}}]: {}  
2024-07-30 23:06:23,029(8) --> [DEBUG][main] [NormalStore][reload index: {ceshi2=CommandPos{pos=139, len=41, fileName=data\\data.table}, ceshi3=CommandPos{pos=229, len=41, fileName=data\\data.table}, ceshi1=CommandPos{pos=306, len=28, fileName=data\\data.table}}]: {}  
2024-07-30 23:06:23,029(8) --> [DEBUG][main] [NormalStore][reload index: {ceshi2=CommandPos{pos=139, len=41, fileName=data\\data.table}, ceshi3=CommandPos{pos=229, len=41, fileName=data\\data.table}, ceshi1=CommandPos{pos=306, len=28, fileName=data\\data.table}}]: {}  
2024-07-30 23:06:23,613(592) --> [INFO ][main] [SocketServerController][startServer]: Server started, waiting for connections...  
2024-07-30 23:06:43,706(20685) --> [INFO ][main] [SocketServerController][startServer]: New client connected  
2024-07-30 23:06:43,756(20735) --> [DEBUG][Thread-0] [SocketServerHandler][ActionDTO]: ActionDTO{type=SET, key='ceshi1', value='1'}  
   ){"key":"ceshi1","type":"SET","value":"1"}2024-07-30 23:06:43,783(20762) --> [DEBUG][Thread-0] [SocketServerHandler][run]: set action respActionDTO{type=SET, key='ceshi1', value='1'}  
2024-07-30 23:06:43,792(20771) --> [INFO ][main] [SocketServerController][startServer]: New client connected  
2024-07-30 23:06:43,792(20771) --> [DEBUG][Thread-1] [SocketServerHandler][ActionDTO]: ActionDTO{type=SET, key='ceshi2', value='2'}  
   ){"key":"ceshi1","type":"SET","value":"1"}2024-07-30 23:06:43,800(20779) --> [DEBUG][Thread-0] [SocketServerHandler][run]: set action respActionDTO{type=SET, key='ceshi1', value='1'}  
   ){"key":"ceshi2","type":"SET","value":"2"}2024-07-30 23:06:43,812(20791) --> [DEBUG][Thread-1] [SocketServerHandler][run]: set action respActionDTO{type=SET, key='ceshi2', value='2'}  
2024-07-30 23:06:43,812(20791) --> [INFO ][main] [SocketServerController][startServer]: New client connected  
2024-07-30 23:06:43,820(20799) --> [DEBUG][Thread-2] [SocketServerHandler][ActionDTO]: ActionDTO{type=SET, key='ceshi3', value='3'}  
   ){"key":"ceshi2","type":"SET","value":"2"}2024-07-30 23:06:43,830(20809) --> [DEBUG][Thread-1] [SocketServerHandler][run]: set action respActionDTO{type=SET, key='ceshi2', value='2'}  
   ){"key":"ceshi3","type":"SET","value":"3"}2024-07-30 23:06:43,837(20816) --> [DEBUG][Thread-2] [SocketServerHandler][run]: set action respActionDTO{type=SET, key='ceshi3', value='3'}  
2024-07-30 23:06:43,837(20816) --> [INFO ][main] [SocketServerController][startServer]: New client connected  
2024-07-30 23:06:43,845(20824) --> [DEBUG][Thread-3] [SocketServerHandler][ActionDTO]: ActionDTO{type=RM, key='ceshi1', value='null'}  
   ){"key":"ceshi3","type":"SET","value":"3"}2024-07-30 23:06:43,853(20832) --> [DEBUG][Thread-2] [SocketServerHandler][run]: set action respActionDTO{type=SET, key='ceshi3', value='3'}  
   {"key":"ceshi1","type":"RM"}2024-07-30 23:06:43,864(20843) --> [DEBUG][Thread-3] [SocketServerHandler][run]: rm action respActionDTO{type=RM, key='ceshi1', value='null'}  
2024-07-30 23:06:43,864(20843) --> [INFO ][main] [SocketServerController][startServer]: New client connected  
2024-07-30 23:06:43,864(20843) --> [DEBUG][Thread-4] [SocketServerHandler][ActionDTO]: ActionDTO{type=GET, key='ceshi2', value='null'}  
   {"key":"ceshi1","type":"RM"}2024-07-30 23:06:43,869(20848) --> [DEBUG][Thread-4] [SocketServerHandler][run]: get action respActionDTO{type=GET, key='ceshi2', value='null'}  
2024-07-30 23:06:43,869(20848) --> [DEBUG][Thread-4] [SocketServerHandler][run]: get action respActionDTO{type=GET, key='ceshi2', value='null'}  
